#! /usr/bin/vvp
:ivl_version "11.0 (stable)";
:ivl_delay_selection "TYPICAL";
:vpi_time_precision + 0;
:vpi_module "/usr/lib/x86_64-linux-gnu/ivl/system.vpi";
:vpi_module "/usr/lib/x86_64-linux-gnu/ivl/vhdl_sys.vpi";
:vpi_module "/usr/lib/x86_64-linux-gnu/ivl/vhdl_textio.vpi";
:vpi_module "/usr/lib/x86_64-linux-gnu/ivl/v2005_math.vpi";
:vpi_module "/usr/lib/x86_64-linux-gnu/ivl/va_math.vpi";
S_0x557895799210 .scope module, "decode_wb_tb" "decode_wb_tb" 2 2;
 .timescale 0 0;
v0x5578957d5c60_0 .var "Cnd", 0 0;
v0x5578957d5d20_0 .var "clk", 0 0;
v0x5578957d5dc0_0 .var "icode", 3 0;
v0x5578957d5e90_0 .net/s "r10", 63 0, v0x5578957d42f0_0;  1 drivers
v0x5578957d5f60_0 .net/s "r11", 63 0, v0x5578957d43d0_0;  1 drivers
v0x5578957d6000_0 .net/s "r12", 63 0, v0x5578957d4500_0;  1 drivers
v0x5578957d60d0_0 .net/s "r13", 63 0, v0x5578957d45e0_0;  1 drivers
v0x5578957d61a0_0 .net/s "r14", 63 0, v0x5578957d46c0_0;  1 drivers
v0x5578957d6270_0 .net/s "r8", 63 0, v0x5578957d47a0_0;  1 drivers
v0x5578957d6340_0 .net/s "r9", 63 0, v0x5578957d4880_0;  1 drivers
v0x5578957d6410_0 .var "rA", 3 0;
v0x5578957d64e0_0 .var "rB", 3 0;
v0x5578957d65b0_0 .net/s "rax", 63 0, v0x5578957d4b20_0;  1 drivers
v0x5578957d6680_0 .net/s "rbp", 63 0, v0x5578957d4c00_0;  1 drivers
v0x5578957d6750_0 .net/s "rbx", 63 0, v0x5578957d4ce0_0;  1 drivers
v0x5578957d6820_0 .net/s "rcx", 63 0, v0x5578957d4dc0_0;  1 drivers
v0x5578957d68f0_0 .net/s "rdi", 63 0, v0x5578957d4ea0_0;  1 drivers
v0x5578957d69c0_0 .net/s "rdx", 63 0, v0x5578957d4f80_0;  1 drivers
v0x5578957d6a90_0 .net/s "rnone", 63 0, v0x5578957d5320_0;  1 drivers
v0x5578957d6b60_0 .net/s "rsi", 63 0, v0x5578957d5400_0;  1 drivers
v0x5578957d6c30_0 .net/s "rsp", 63 0, v0x5578957d54e0_0;  1 drivers
v0x5578957d6d00_0 .net/s "valA", 63 0, v0x5578957d55c0_0;  1 drivers
v0x5578957d6dd0_0 .net/s "valB", 63 0, v0x5578957d56a0_0;  1 drivers
v0x5578957d6ea0_0 .var/s "valE", 63 0;
v0x5578957d6f70_0 .var/s "valM", 63 0;
E_0x5578957806d0/0 .event edge, v0x5578957d4170_0, v0x5578957d4230_0, v0x5578957b5280_0, v0x5578957d4960_0;
E_0x5578957806d0/1 .event edge, v0x5578957d4a40_0, v0x5578957d5780_0, v0x5578957d5860_0, v0x5578957d55c0_0;
E_0x5578957806d0/2 .event edge, v0x5578957d56a0_0;
E_0x5578957806d0 .event/or E_0x5578957806d0/0, E_0x5578957806d0/1, E_0x5578957806d0/2;
S_0x5578957993f0 .scope module, "call1" "decode_wb" 2 29, 3 1 0, S_0x557895799210;
 .timescale 0 0;
    .port_info 0 /INPUT 1 "clk";
    .port_info 1 /INPUT 1 "Cnd";
    .port_info 2 /INPUT 4 "icode";
    .port_info 3 /INPUT 4 "rA";
    .port_info 4 /INPUT 4 "rB";
    .port_info 5 /INPUT 64 "valE";
    .port_info 6 /INPUT 64 "valM";
    .port_info 7 /OUTPUT 64 "valA";
    .port_info 8 /OUTPUT 64 "valB";
    .port_info 9 /OUTPUT 64 "rax";
    .port_info 10 /OUTPUT 64 "rcx";
    .port_info 11 /OUTPUT 64 "rdx";
    .port_info 12 /OUTPUT 64 "rbx";
    .port_info 13 /OUTPUT 64 "rsp";
    .port_info 14 /OUTPUT 64 "rbp";
    .port_info 15 /OUTPUT 64 "rsi";
    .port_info 16 /OUTPUT 64 "rdi";
    .port_info 17 /OUTPUT 64 "r8";
    .port_info 18 /OUTPUT 64 "r9";
    .port_info 19 /OUTPUT 64 "r10";
    .port_info 20 /OUTPUT 64 "r11";
    .port_info 21 /OUTPUT 64 "r12";
    .port_info 22 /OUTPUT 64 "r13";
    .port_info 23 /OUTPUT 64 "r14";
    .port_info 24 /OUTPUT 64 "rnone";
v0x5578957b5280_0 .net "Cnd", 0 0, v0x5578957d5c60_0;  1 drivers
v0x5578957d4170_0 .net "clk", 0 0, v0x5578957d5d20_0;  1 drivers
v0x5578957d4230_0 .net "icode", 3 0, v0x5578957d5dc0_0;  1 drivers
v0x5578957d42f0_0 .var/s "r10", 63 0;
v0x5578957d43d0_0 .var/s "r11", 63 0;
v0x5578957d4500_0 .var/s "r12", 63 0;
v0x5578957d45e0_0 .var/s "r13", 63 0;
v0x5578957d46c0_0 .var/s "r14", 63 0;
v0x5578957d47a0_0 .var/s "r8", 63 0;
v0x5578957d4880_0 .var/s "r9", 63 0;
v0x5578957d4960_0 .net "rA", 3 0, v0x5578957d6410_0;  1 drivers
v0x5578957d4a40_0 .net "rB", 3 0, v0x5578957d64e0_0;  1 drivers
v0x5578957d4b20_0 .var/s "rax", 63 0;
v0x5578957d4c00_0 .var/s "rbp", 63 0;
v0x5578957d4ce0_0 .var/s "rbx", 63 0;
v0x5578957d4dc0_0 .var/s "rcx", 63 0;
v0x5578957d4ea0_0 .var/s "rdi", 63 0;
v0x5578957d4f80_0 .var/s "rdx", 63 0;
v0x5578957d5060 .array/s "register_file", 15 0, 63 0;
v0x5578957d5320_0 .var/s "rnone", 63 0;
v0x5578957d5400_0 .var/s "rsi", 63 0;
v0x5578957d54e0_0 .var/s "rsp", 63 0;
v0x5578957d55c0_0 .var/s "valA", 63 0;
v0x5578957d56a0_0 .var/s "valB", 63 0;
v0x5578957d5780_0 .net/s "valE", 63 0, v0x5578957d6ea0_0;  1 drivers
v0x5578957d5860_0 .net/s "valM", 63 0, v0x5578957d6f70_0;  1 drivers
E_0x557895780b20 .event negedge, v0x5578957d4170_0;
v0x5578957d5060_0 .array/port v0x5578957d5060, 0;
E_0x55789576a9b0/0 .event edge, v0x5578957d4170_0, v0x5578957d4230_0, v0x5578957d4960_0, v0x5578957d5060_0;
v0x5578957d5060_1 .array/port v0x5578957d5060, 1;
v0x5578957d5060_2 .array/port v0x5578957d5060, 2;
v0x5578957d5060_3 .array/port v0x5578957d5060, 3;
v0x5578957d5060_4 .array/port v0x5578957d5060, 4;
E_0x55789576a9b0/1 .event edge, v0x5578957d5060_1, v0x5578957d5060_2, v0x5578957d5060_3, v0x5578957d5060_4;
v0x5578957d5060_5 .array/port v0x5578957d5060, 5;
v0x5578957d5060_6 .array/port v0x5578957d5060, 6;
v0x5578957d5060_7 .array/port v0x5578957d5060, 7;
v0x5578957d5060_8 .array/port v0x5578957d5060, 8;
E_0x55789576a9b0/2 .event edge, v0x5578957d5060_5, v0x5578957d5060_6, v0x5578957d5060_7, v0x5578957d5060_8;
v0x5578957d5060_9 .array/port v0x5578957d5060, 9;
v0x5578957d5060_10 .array/port v0x5578957d5060, 10;
v0x5578957d5060_11 .array/port v0x5578957d5060, 11;
v0x5578957d5060_12 .array/port v0x5578957d5060, 12;
E_0x55789576a9b0/3 .event edge, v0x5578957d5060_9, v0x5578957d5060_10, v0x5578957d5060_11, v0x5578957d5060_12;
v0x5578957d5060_13 .array/port v0x5578957d5060, 13;
v0x5578957d5060_14 .array/port v0x5578957d5060, 14;
v0x5578957d5060_15 .array/port v0x5578957d5060, 15;
E_0x55789576a9b0/4 .event edge, v0x5578957d5060_13, v0x5578957d5060_14, v0x5578957d5060_15, v0x5578957d4a40_0;
E_0x55789576a9b0 .event/or E_0x55789576a9b0/0, E_0x55789576a9b0/1, E_0x55789576a9b0/2, E_0x55789576a9b0/3, E_0x55789576a9b0/4;
    .scope S_0x5578957993f0;
T_0 ;
    %pushi/vec4 0, 0, 64;
    %ix/load 4, 0, 0;
    %flag_set/imm 4, 0;
    %store/vec4a v0x5578957d5060, 4, 0;
    %pushi/vec4 1, 0, 64;
    %ix/load 4, 1, 0;
    %flag_set/imm 4, 0;
    %store/vec4a v0x5578957d5060, 4, 0;
    %pushi/vec4 2, 0, 64;
    %ix/load 4, 2, 0;
    %flag_set/imm 4, 0;
    %store/vec4a v0x5578957d5060, 4, 0;
    %pushi/vec4 3, 0, 64;
    %ix/load 4, 3, 0;
    %flag_set/imm 4, 0;
    %store/vec4a v0x5578957d5060, 4, 0;
    %pushi/vec4 4, 0, 64;
    %ix/load 4, 4, 0;
    %flag_set/imm 4, 0;
    %store/vec4a v0x5578957d5060, 4, 0;
    %pushi/vec4 5, 0, 64;
    %ix/load 4, 5, 0;
    %flag_set/imm 4, 0;
    %store/vec4a v0x5578957d5060, 4, 0;
    %pushi/vec4 6, 0, 64;
    %ix/load 4, 6, 0;
    %flag_set/imm 4, 0;
    %store/vec4a v0x5578957d5060, 4, 0;
    %pushi/vec4 7, 0, 64;
    %ix/load 4, 7, 0;
    %flag_set/imm 4, 0;
    %store/vec4a v0x5578957d5060, 4, 0;
    %pushi/vec4 8, 0, 64;
    %ix/load 4, 8, 0;
    %flag_set/imm 4, 0;
    %store/vec4a v0x5578957d5060, 4, 0;
    %pushi/vec4 9, 0, 64;
    %ix/load 4, 9, 0;
    %flag_set/imm 4, 0;
    %store/vec4a v0x5578957d5060, 4, 0;
    %pushi/vec4 10, 0, 64;
    %ix/load 4, 10, 0;
    %flag_set/imm 4, 0;
    %store/vec4a v0x5578957d5060, 4, 0;
    %pushi/vec4 11, 0, 64;
    %ix/load 4, 11, 0;
    %flag_set/imm 4, 0;
    %store/vec4a v0x5578957d5060, 4, 0;
    %pushi/vec4 12, 0, 64;
    %ix/load 4, 12, 0;
    %flag_set/imm 4, 0;
    %store/vec4a v0x5578957d5060, 4, 0;
    %pushi/vec4 13, 0, 64;
    %ix/load 4, 13, 0;
    %flag_set/imm 4, 0;
    %store/vec4a v0x5578957d5060, 4, 0;
    %pushi/vec4 14, 0, 64;
    %ix/load 4, 14, 0;
    %flag_set/imm 4, 0;
    %store/vec4a v0x5578957d5060, 4, 0;
    %end;
    .thread T_0;
    .scope S_0x5578957993f0;
T_1 ;
    %wait E_0x55789576a9b0;
    %load/vec4 v0x5578957d4170_0;
    %pad/u 32;
    %cmpi/e 1, 0, 32;
    %jmp/0xz  T_1.0, 4;
    %load/vec4 v0x5578957d4230_0;
    %cmpi/e 2, 0, 4;
    %jmp/0xz  T_1.2, 4;
    %load/vec4 v0x5578957d4960_0;
    %pad/u 6;
    %ix/vec4 4;
    %load/vec4a v0x5578957d5060, 4;
    %store/vec4 v0x5578957d55c0_0, 0, 64;
    %pushi/vec4 0, 0, 64;
    %store/vec4 v0x5578957d56a0_0, 0, 64;
    %jmp T_1.3;
T_1.2 ;
    %load/vec4 v0x5578957d4230_0;
    %cmpi/e 3, 0, 4;
    %jmp/0xz  T_1.4, 4;
    %ix/load 4, 15, 0;
    %flag_set/imm 4, 0;
    %load/vec4a v0x5578957d5060, 4;
    %store/vec4 v0x5578957d55c0_0, 0, 64;
    %pushi/vec4 0, 0, 64;
    %store/vec4 v0x5578957d56a0_0, 0, 64;
    %jmp T_1.5;
T_1.4 ;
    %load/vec4 v0x5578957d4230_0;
    %cmpi/e 4, 0, 4;
    %jmp/0xz  T_1.6, 4;
    %load/vec4 v0x5578957d4960_0;
    %pad/u 6;
    %ix/vec4 4;
    %load/vec4a v0x5578957d5060, 4;
    %store/vec4 v0x5578957d55c0_0, 0, 64;
    %load/vec4 v0x5578957d4a40_0;
    %pad/u 6;
    %ix/vec4 4;
    %load/vec4a v0x5578957d5060, 4;
    %store/vec4 v0x5578957d56a0_0, 0, 64;
    %jmp T_1.7;
T_1.6 ;
    %load/vec4 v0x5578957d4230_0;
    %cmpi/e 5, 0, 4;
    %jmp/0xz  T_1.8, 4;
    %ix/load 4, 15, 0;
    %flag_set/imm 4, 0;
    %load/vec4a v0x5578957d5060, 4;
    %store/vec4 v0x5578957d55c0_0, 0, 64;
    %load/vec4 v0x5578957d4a40_0;
    %pad/u 6;
    %ix/vec4 4;
    %load/vec4a v0x5578957d5060, 4;
    %store/vec4 v0x5578957d56a0_0, 0, 64;
    %jmp T_1.9;
T_1.8 ;
    %load/vec4 v0x5578957d4230_0;
    %cmpi/e 6, 0, 4;
    %jmp/0xz  T_1.10, 4;
    %load/vec4 v0x5578957d4960_0;
    %pad/u 6;
    %ix/vec4 4;
    %load/vec4a v0x5578957d5060, 4;
    %store/vec4 v0x5578957d55c0_0, 0, 64;
    %load/vec4 v0x5578957d4a40_0;
    %pad/u 6;
    %ix/vec4 4;
    %load/vec4a v0x5578957d5060, 4;
    %store/vec4 v0x5578957d56a0_0, 0, 64;
    %jmp T_1.11;
T_1.10 ;
    %load/vec4 v0x5578957d4230_0;
    %cmpi/e 10, 0, 4;
    %jmp/0xz  T_1.12, 4;
    %load/vec4 v0x5578957d4960_0;
    %pad/u 6;
    %ix/vec4 4;
    %load/vec4a v0x5578957d5060, 4;
    %store/vec4 v0x5578957d55c0_0, 0, 64;
    %ix/load 4, 4, 0;
    %flag_set/imm 4, 0;
    %load/vec4a v0x5578957d5060, 4;
    %store/vec4 v0x5578957d56a0_0, 0, 64;
    %jmp T_1.13;
T_1.12 ;
    %load/vec4 v0x5578957d4230_0;
    %cmpi/e 11, 0, 4;
    %jmp/0xz  T_1.14, 4;
    %ix/load 4, 4, 0;
    %flag_set/imm 4, 0;
    %load/vec4a v0x5578957d5060, 4;
    %store/vec4 v0x5578957d55c0_0, 0, 64;
    %ix/load 4, 4, 0;
    %flag_set/imm 4, 0;
    %load/vec4a v0x5578957d5060, 4;
    %store/vec4 v0x5578957d56a0_0, 0, 64;
    %jmp T_1.15;
T_1.14 ;
    %load/vec4 v0x5578957d4230_0;
    %cmpi/e 8, 0, 4;
    %jmp/0xz  T_1.16, 4;
    %ix/load 4, 15, 0;
    %flag_set/imm 4, 0;
    %load/vec4a v0x5578957d5060, 4;
    %store/vec4 v0x5578957d55c0_0, 0, 64;
    %ix/load 4, 4, 0;
    %flag_set/imm 4, 0;
    %load/vec4a v0x5578957d5060, 4;
    %store/vec4 v0x5578957d56a0_0, 0, 64;
    %jmp T_1.17;
T_1.16 ;
    %load/vec4 v0x5578957d4230_0;
    %cmpi/e 9, 0, 4;
    %jmp/0xz  T_1.18, 4;
    %ix/load 4, 4, 0;
    %flag_set/imm 4, 0;
    %load/vec4a v0x5578957d5060, 4;
    %store/vec4 v0x5578957d55c0_0, 0, 64;
    %ix/load 4, 4, 0;
    %flag_set/imm 4, 0;
    %load/vec4a v0x5578957d5060, 4;
    %store/vec4 v0x5578957d56a0_0, 0, 64;
T_1.18 ;
T_1.17 ;
T_1.15 ;
T_1.13 ;
T_1.11 ;
T_1.9 ;
T_1.7 ;
T_1.5 ;
T_1.3 ;
T_1.0 ;
    %ix/load 4, 0, 0;
    %flag_set/imm 4, 0;
    %load/vec4a v0x5578957d5060, 4;
    %store/vec4 v0x5578957d4b20_0, 0, 64;
    %ix/load 4, 1, 0;
    %flag_set/imm 4, 0;
    %load/vec4a v0x5578957d5060, 4;
    %store/vec4 v0x5578957d4dc0_0, 0, 64;
    %ix/load 4, 2, 0;
    %flag_set/imm 4, 0;
    %load/vec4a v0x5578957d5060, 4;
    %store/vec4 v0x5578957d4f80_0, 0, 64;
    %ix/load 4, 3, 0;
    %flag_set/imm 4, 0;
    %load/vec4a v0x5578957d5060, 4;
    %store/vec4 v0x5578957d4ce0_0, 0, 64;
    %ix/load 4, 4, 0;
    %flag_set/imm 4, 0;
    %load/vec4a v0x5578957d5060, 4;
    %store/vec4 v0x5578957d5400_0, 0, 64;
    %ix/load 4, 5, 0;
    %flag_set/imm 4, 0;
    %load/vec4a v0x5578957d5060, 4;
    %store/vec4 v0x5578957d4c00_0, 0, 64;
    %ix/load 4, 6, 0;
    %flag_set/imm 4, 0;
    %load/vec4a v0x5578957d5060, 4;
    %store/vec4 v0x5578957d5400_0, 0, 64;
    %ix/load 4, 7, 0;
    %flag_set/imm 4, 0;
    %load/vec4a v0x5578957d5060, 4;
    %store/vec4 v0x5578957d4ea0_0, 0, 64;
    %ix/load 4, 8, 0;
    %flag_set/imm 4, 0;
    %load/vec4a v0x5578957d5060, 4;
    %store/vec4 v0x5578957d47a0_0, 0, 64;
    %ix/load 4, 9, 0;
    %flag_set/imm 4, 0;
    %load/vec4a v0x5578957d5060, 4;
    %store/vec4 v0x5578957d4880_0, 0, 64;
    %ix/load 4, 10, 0;
    %flag_set/imm 4, 0;
    %load/vec4a v0x5578957d5060, 4;
    %store/vec4 v0x5578957d42f0_0, 0, 64;
    %ix/load 4, 11, 0;
    %flag_set/imm 4, 0;
    %load/vec4a v0x5578957d5060, 4;
    %store/vec4 v0x5578957d43d0_0, 0, 64;
    %ix/load 4, 12, 0;
    %flag_set/imm 4, 0;
    %load/vec4a v0x5578957d5060, 4;
    %store/vec4 v0x5578957d4500_0, 0, 64;
    %ix/load 4, 13, 0;
    %flag_set/imm 4, 0;
    %load/vec4a v0x5578957d5060, 4;
    %store/vec4 v0x5578957d45e0_0, 0, 64;
    %ix/load 4, 14, 0;
    %flag_set/imm 4, 0;
    %load/vec4a v0x5578957d5060, 4;
    %store/vec4 v0x5578957d46c0_0, 0, 64;
    %jmp T_1;
    .thread T_1, $push;
    .scope S_0x5578957993f0;
T_2 ;
    %wait E_0x557895780b20;
    %load/vec4 v0x5578957d4230_0;
    %cmpi/e 2, 0, 4;
    %jmp/0xz  T_2.0, 4;
    %load/vec4 v0x5578957b5280_0;
    %cmpi/e 1, 0, 1;
    %jmp/0xz  T_2.2, 4;
    %load/vec4 v0x5578957d5780_0;
    %load/vec4 v0x5578957d4a40_0;
    %pad/u 6;
    %ix/vec4 3;
    %ix/load 4, 0, 0; Constant delay
    %assign/vec4/a/d v0x5578957d5060, 0, 4;
T_2.2 ;
    %jmp T_2.1;
T_2.0 ;
    %load/vec4 v0x5578957d4230_0;
    %cmpi/e 3, 0, 4;
    %jmp/0xz  T_2.4, 4;
    %load/vec4 v0x5578957d5780_0;
    %load/vec4 v0x5578957d4a40_0;
    %pad/u 6;
    %ix/vec4 3;
    %ix/load 4, 0, 0; Constant delay
    %assign/vec4/a/d v0x5578957d5060, 0, 4;
    %jmp T_2.5;
T_2.4 ;
    %load/vec4 v0x5578957d4230_0;
    %cmpi/e 5, 0, 4;
    %jmp/0xz  T_2.6, 4;
    %load/vec4 v0x5578957d5860_0;
    %load/vec4 v0x5578957d4960_0;
    %pad/u 6;
    %ix/vec4 3;
    %ix/load 4, 0, 0; Constant delay
    %assign/vec4/a/d v0x5578957d5060, 0, 4;
    %jmp T_2.7;
T_2.6 ;
    %load/vec4 v0x5578957d4230_0;
    %cmpi/e 6, 0, 4;
    %jmp/0xz  T_2.8, 4;
    %load/vec4 v0x5578957d5780_0;
    %load/vec4 v0x5578957d4a40_0;
    %pad/u 6;
    %ix/vec4 3;
    %ix/load 4, 0, 0; Constant delay
    %assign/vec4/a/d v0x5578957d5060, 0, 4;
    %jmp T_2.9;
T_2.8 ;
    %load/vec4 v0x5578957d4230_0;
    %cmpi/e 10, 0, 4;
    %jmp/0xz  T_2.10, 4;
    %load/vec4 v0x5578957d5780_0;
    %ix/load 3, 4, 0;
    %flag_set/imm 4, 0;
    %ix/load 4, 0, 0; Constant delay
    %assign/vec4/a/d v0x5578957d5060, 0, 4;
    %jmp T_2.11;
T_2.10 ;
    %load/vec4 v0x5578957d4230_0;
    %cmpi/e 11, 0, 4;
    %jmp/0xz  T_2.12, 4;
    %load/vec4 v0x5578957d5860_0;
    %load/vec4 v0x5578957d4960_0;
    %pad/u 6;
    %ix/vec4 3;
    %ix/load 4, 0, 0; Constant delay
    %assign/vec4/a/d v0x5578957d5060, 0, 4;
    %load/vec4 v0x5578957d5780_0;
    %ix/load 3, 4, 0;
    %flag_set/imm 4, 0;
    %ix/load 4, 0, 0; Constant delay
    %assign/vec4/a/d v0x5578957d5060, 0, 4;
    %jmp T_2.13;
T_2.12 ;
    %load/vec4 v0x5578957d4230_0;
    %cmpi/e 8, 0, 4;
    %jmp/0xz  T_2.14, 4;
    %load/vec4 v0x5578957d5780_0;
    %ix/load 3, 4, 0;
    %flag_set/imm 4, 0;
    %ix/load 4, 0, 0; Constant delay
    %assign/vec4/a/d v0x5578957d5060, 0, 4;
    %jmp T_2.15;
T_2.14 ;
    %load/vec4 v0x5578957d4230_0;
    %cmpi/e 9, 0, 4;
    %jmp/0xz  T_2.16, 4;
    %load/vec4 v0x5578957d5780_0;
    %ix/load 3, 4, 0;
    %flag_set/imm 4, 0;
    %ix/load 4, 0, 0; Constant delay
    %assign/vec4/a/d v0x5578957d5060, 0, 4;
T_2.16 ;
T_2.15 ;
T_2.13 ;
T_2.11 ;
T_2.9 ;
T_2.7 ;
T_2.5 ;
T_2.1 ;
    %ix/load 4, 0, 0;
    %flag_set/imm 4, 0;
    %load/vec4a v0x5578957d5060, 4;
    %store/vec4 v0x5578957d4b20_0, 0, 64;
    %ix/load 4, 1, 0;
    %flag_set/imm 4, 0;
    %load/vec4a v0x5578957d5060, 4;
    %store/vec4 v0x5578957d4dc0_0, 0, 64;
    %ix/load 4, 2, 0;
    %flag_set/imm 4, 0;
    %load/vec4a v0x5578957d5060, 4;
    %store/vec4 v0x5578957d4f80_0, 0, 64;
    %ix/load 4, 3, 0;
    %flag_set/imm 4, 0;
    %load/vec4a v0x5578957d5060, 4;
    %store/vec4 v0x5578957d4ce0_0, 0, 64;
    %ix/load 4, 4, 0;
    %flag_set/imm 4, 0;
    %load/vec4a v0x5578957d5060, 4;
    %store/vec4 v0x5578957d5400_0, 0, 64;
    %ix/load 4, 5, 0;
    %flag_set/imm 4, 0;
    %load/vec4a v0x5578957d5060, 4;
    %store/vec4 v0x5578957d4c00_0, 0, 64;
    %ix/load 4, 6, 0;
    %flag_set/imm 4, 0;
    %load/vec4a v0x5578957d5060, 4;
    %store/vec4 v0x5578957d5400_0, 0, 64;
    %ix/load 4, 7, 0;
    %flag_set/imm 4, 0;
    %load/vec4a v0x5578957d5060, 4;
    %store/vec4 v0x5578957d4ea0_0, 0, 64;
    %ix/load 4, 8, 0;
    %flag_set/imm 4, 0;
    %load/vec4a v0x5578957d5060, 4;
    %store/vec4 v0x5578957d47a0_0, 0, 64;
    %ix/load 4, 9, 0;
    %flag_set/imm 4, 0;
    %load/vec4a v0x5578957d5060, 4;
    %store/vec4 v0x5578957d4880_0, 0, 64;
    %ix/load 4, 10, 0;
    %flag_set/imm 4, 0;
    %load/vec4a v0x5578957d5060, 4;
    %store/vec4 v0x5578957d42f0_0, 0, 64;
    %ix/load 4, 11, 0;
    %flag_set/imm 4, 0;
    %load/vec4a v0x5578957d5060, 4;
    %store/vec4 v0x5578957d43d0_0, 0, 64;
    %ix/load 4, 12, 0;
    %flag_set/imm 4, 0;
    %load/vec4a v0x5578957d5060, 4;
    %store/vec4 v0x5578957d4500_0, 0, 64;
    %ix/load 4, 13, 0;
    %flag_set/imm 4, 0;
    %load/vec4a v0x5578957d5060, 4;
    %store/vec4 v0x5578957d45e0_0, 0, 64;
    %ix/load 4, 14, 0;
    %flag_set/imm 4, 0;
    %load/vec4a v0x5578957d5060, 4;
    %store/vec4 v0x5578957d46c0_0, 0, 64;
    %jmp T_2;
    .thread T_2;
    .scope S_0x557895799210;
T_3 ;
    %delay 10, 0;
    %load/vec4 v0x5578957d5d20_0;
    %inv;
    %store/vec4 v0x5578957d5d20_0, 0, 1;
    %end;
    .thread T_3;
    .scope S_0x557895799210;
T_4 ;
    %pushi/vec4 0, 0, 1;
    %store/vec4 v0x5578957d5d20_0, 0, 1;
    %pushi/vec4 0, 0, 1;
    %store/vec4 v0x5578957d5c60_0, 0, 1;
    %pushi/vec4 0, 0, 4;
    %store/vec4 v0x5578957d5dc0_0, 0, 4;
    %pushi/vec4 0, 0, 4;
    %store/vec4 v0x5578957d6410_0, 0, 4;
    %pushi/vec4 0, 0, 4;
    %store/vec4 v0x5578957d64e0_0, 0, 4;
    %pushi/vec4 0, 0, 64;
    %store/vec4 v0x5578957d6ea0_0, 0, 64;
    %pushi/vec4 0, 0, 64;
    %store/vec4 v0x5578957d6f70_0, 0, 64;
    %delay 20, 0;
    %pushi/vec4 1, 0, 1;
    %store/vec4 v0x5578957d5c60_0, 0, 1;
    %pushi/vec4 6, 0, 4;
    %store/vec4 v0x5578957d5dc0_0, 0, 4;
    %pushi/vec4 2, 0, 4;
    %store/vec4 v0x5578957d6410_0, 0, 4;
    %pushi/vec4 3, 0, 4;
    %store/vec4 v0x5578957d64e0_0, 0, 4;
    %pushi/vec4 2, 0, 64;
    %store/vec4 v0x5578957d6ea0_0, 0, 64;
    %pushi/vec4 3, 0, 64;
    %store/vec4 v0x5578957d6f70_0, 0, 64;
    %delay 20, 0;
    %pushi/vec4 0, 0, 1;
    %store/vec4 v0x5578957d5c60_0, 0, 1;
    %pushi/vec4 2, 0, 4;
    %store/vec4 v0x5578957d5dc0_0, 0, 4;
    %pushi/vec4 6, 0, 4;
    %store/vec4 v0x5578957d6410_0, 0, 4;
    %pushi/vec4 7, 0, 4;
    %store/vec4 v0x5578957d64e0_0, 0, 4;
    %pushi/vec4 6, 0, 64;
    %store/vec4 v0x5578957d6ea0_0, 0, 64;
    %pushi/vec4 7, 0, 64;
    %store/vec4 v0x5578957d6f70_0, 0, 64;
    %delay 20, 0;
    %pushi/vec4 1, 0, 1;
    %store/vec4 v0x5578957d5c60_0, 0, 1;
    %pushi/vec4 2, 0, 4;
    %store/vec4 v0x5578957d5dc0_0, 0, 4;
    %pushi/vec4 6, 0, 4;
    %store/vec4 v0x5578957d6410_0, 0, 4;
    %pushi/vec4 7, 0, 4;
    %store/vec4 v0x5578957d64e0_0, 0, 4;
    %pushi/vec4 6, 0, 64;
    %store/vec4 v0x5578957d6ea0_0, 0, 64;
    %pushi/vec4 7, 0, 64;
    %store/vec4 v0x5578957d6f70_0, 0, 64;
    %delay 20, 0;
    %pushi/vec4 0, 0, 1;
    %store/vec4 v0x5578957d5c60_0, 0, 1;
    %pushi/vec4 11, 0, 4;
    %store/vec4 v0x5578957d5dc0_0, 0, 4;
    %pushi/vec4 4, 0, 4;
    %store/vec4 v0x5578957d6410_0, 0, 4;
    %pushi/vec4 15, 0, 4;
    %store/vec4 v0x5578957d64e0_0, 0, 4;
    %pushi/vec4 4, 0, 64;
    %store/vec4 v0x5578957d6ea0_0, 0, 64;
    %pushi/vec4 5, 0, 64;
    %store/vec4 v0x5578957d6f70_0, 0, 64;
    %delay 20, 0;
    %pushi/vec4 0, 0, 1;
    %store/vec4 v0x5578957d5c60_0, 0, 1;
    %pushi/vec4 10, 0, 4;
    %store/vec4 v0x5578957d5dc0_0, 0, 4;
    %pushi/vec4 8, 0, 4;
    %store/vec4 v0x5578957d6410_0, 0, 4;
    %pushi/vec4 15, 0, 4;
    %store/vec4 v0x5578957d64e0_0, 0, 4;
    %pushi/vec4 8, 0, 64;
    %store/vec4 v0x5578957d6ea0_0, 0, 64;
    %pushi/vec4 9, 0, 64;
    %store/vec4 v0x5578957d6f70_0, 0, 64;
    %delay 20, 0;
    %pushi/vec4 0, 0, 1;
    %store/vec4 v0x5578957d5c60_0, 0, 1;
    %pushi/vec4 9, 0, 4;
    %store/vec4 v0x5578957d5dc0_0, 0, 4;
    %pushi/vec4 1, 0, 4;
    %store/vec4 v0x5578957d6410_0, 0, 4;
    %pushi/vec4 2, 0, 4;
    %store/vec4 v0x5578957d64e0_0, 0, 4;
    %pushi/vec4 1, 0, 64;
    %store/vec4 v0x5578957d6ea0_0, 0, 64;
    %pushi/vec4 2, 0, 64;
    %store/vec4 v0x5578957d6f70_0, 0, 64;
    %delay 20, 0;
    %pushi/vec4 0, 0, 1;
    %store/vec4 v0x5578957d5c60_0, 0, 1;
    %pushi/vec4 8, 0, 4;
    %store/vec4 v0x5578957d5dc0_0, 0, 4;
    %pushi/vec4 3, 0, 4;
    %store/vec4 v0x5578957d6410_0, 0, 4;
    %pushi/vec4 7, 0, 4;
    %store/vec4 v0x5578957d64e0_0, 0, 4;
    %pushi/vec4 3, 0, 64;
    %store/vec4 v0x5578957d6ea0_0, 0, 64;
    %pushi/vec4 7, 0, 64;
    %store/vec4 v0x5578957d6f70_0, 0, 64;
    %delay 20, 0;
    %pushi/vec4 0, 0, 1;
    %store/vec4 v0x5578957d5c60_0, 0, 1;
    %pushi/vec4 7, 0, 4;
    %store/vec4 v0x5578957d5dc0_0, 0, 4;
    %pushi/vec4 2, 0, 4;
    %store/vec4 v0x5578957d6410_0, 0, 4;
    %pushi/vec4 8, 0, 4;
    %store/vec4 v0x5578957d64e0_0, 0, 4;
    %pushi/vec4 2, 0, 64;
    %store/vec4 v0x5578957d6ea0_0, 0, 64;
    %pushi/vec4 8, 0, 64;
    %store/vec4 v0x5578957d6f70_0, 0, 64;
    %delay 20, 0;
    %pushi/vec4 0, 0, 1;
    %store/vec4 v0x5578957d5c60_0, 0, 1;
    %pushi/vec4 5, 0, 4;
    %store/vec4 v0x5578957d5dc0_0, 0, 4;
    %pushi/vec4 13, 0, 4;
    %store/vec4 v0x5578957d6410_0, 0, 4;
    %pushi/vec4 12, 0, 4;
    %store/vec4 v0x5578957d64e0_0, 0, 4;
    %pushi/vec4 13, 0, 64;
    %store/vec4 v0x5578957d6ea0_0, 0, 64;
    %pushi/vec4 12, 0, 64;
    %store/vec4 v0x5578957d6f70_0, 0, 64;
    %delay 20, 0;
    %pushi/vec4 0, 0, 1;
    %store/vec4 v0x5578957d5c60_0, 0, 1;
    %pushi/vec4 4, 0, 4;
    %store/vec4 v0x5578957d5dc0_0, 0, 4;
    %pushi/vec4 14, 0, 4;
    %store/vec4 v0x5578957d6410_0, 0, 4;
    %pushi/vec4 10, 0, 4;
    %store/vec4 v0x5578957d64e0_0, 0, 4;
    %pushi/vec4 14, 0, 64;
    %store/vec4 v0x5578957d6ea0_0, 0, 64;
    %pushi/vec4 10, 0, 64;
    %store/vec4 v0x5578957d6f70_0, 0, 64;
    %delay 20, 0;
    %pushi/vec4 0, 0, 1;
    %store/vec4 v0x5578957d5c60_0, 0, 1;
    %pushi/vec4 3, 0, 4;
    %store/vec4 v0x5578957d5dc0_0, 0, 4;
    %pushi/vec4 15, 0, 4;
    %store/vec4 v0x5578957d6410_0, 0, 4;
    %pushi/vec4 11, 0, 4;
    %store/vec4 v0x5578957d64e0_0, 0, 4;
    %pushi/vec4 13, 0, 64;
    %store/vec4 v0x5578957d6ea0_0, 0, 64;
    %pushi/vec4 12, 0, 64;
    %store/vec4 v0x5578957d6f70_0, 0, 64;
    %delay 20, 0;
    %vpi_call 2 121 "$finish" {0 0 0};
    %end;
    .thread T_4;
    .scope S_0x557895799210;
T_5 ;
    %wait E_0x5578957806d0;
    %load/vec4 v0x5578957d5d20_0;
    %pad/u 32;
    %cmpi/e 1, 0, 32;
    %jmp/0xz  T_5.0, 4;
    %vpi_call 2 129 "$monitor", " Clk = %d, Time=%d: icode=%d, Cnd =%d, rA=%d, rB=%d, valE =%d, valM =%d, valA=%d , valB=%d", v0x5578957d5d20_0, $time, v0x5578957d5dc0_0, v0x5578957d5c60_0, v0x5578957d6410_0, v0x5578957d64e0_0, v0x5578957d6ea0_0, v0x5578957d6f70_0, v0x5578957d6d00_0, v0x5578957d6dd0_0 {0 0 0};
T_5.0 ;
    %jmp T_5;
    .thread T_5, $push;
# The file index is used to find the file name in the following table.
:file_names 4;
    "N/A";
    "<interactive>";
    "decode_wb_tb.v";
    "./decode_wb.v";
