#! /usr/bin/vvp
:ivl_version "11.0 (stable)";
:ivl_delay_selection "TYPICAL";
:vpi_time_precision + 0;
:vpi_module "/usr/lib/x86_64-linux-gnu/ivl/system.vpi";
:vpi_module "/usr/lib/x86_64-linux-gnu/ivl/vhdl_sys.vpi";
:vpi_module "/usr/lib/x86_64-linux-gnu/ivl/vhdl_textio.vpi";
:vpi_module "/usr/lib/x86_64-linux-gnu/ivl/v2005_math.vpi";
:vpi_module "/usr/lib/x86_64-linux-gnu/ivl/va_math.vpi";
S_0x55c2ad5e1090 .scope module, "fetch_tb" "fetch_tb" 2 2;
 .timescale 0 0;
v0x55c2ad60a980_0 .var "clk", 0 0;
v0x55c2ad60aa40_0 .net "halt", 0 0, v0x55c2ad609ab0_0;  1 drivers
v0x55c2ad60aae0_0 .net "icode", 3 0, v0x55c2ad609b70_0;  1 drivers
v0x55c2ad60abb0_0 .net "ifun", 3 0, v0x55c2ad609ca0_0;  1 drivers
v0x55c2ad60ac80_0 .net "imem_error", 0 0, v0x55c2ad609d80_0;  1 drivers
v0x55c2ad60ad20_0 .net "instr_valid", 0 0, v0x55c2ad609e40_0;  1 drivers
v0x55c2ad60adf0_0 .var "pc", 63 0;
v0x55c2ad60aec0_0 .net "rA", 3 0, v0x55c2ad60a4a0_0;  1 drivers
v0x55c2ad60af90_0 .net "rB", 3 0, v0x55c2ad60a580_0;  1 drivers
v0x55c2ad60b060_0 .net/s "valC", 63 0, v0x55c2ad60a660_0;  1 drivers
v0x55c2ad60b130_0 .net "valP", 63 0, v0x55c2ad60a740_0;  1 drivers
E_0x55c2ad5c6e00/0 .event edge, v0x55c2ad609a10_0, v0x55c2ad60a3c0_0, v0x55c2ad609b70_0, v0x55c2ad609ca0_0;
E_0x55c2ad5c6e00/1 .event edge, v0x55c2ad60a4a0_0, v0x55c2ad60a580_0, v0x55c2ad60a660_0, v0x55c2ad60a740_0;
E_0x55c2ad5c6e00/2 .event edge, v0x55c2ad609d80_0, v0x55c2ad609e40_0, v0x55c2ad609ab0_0;
E_0x55c2ad5c6e00 .event/or E_0x55c2ad5c6e00/0, E_0x55c2ad5c6e00/1, E_0x55c2ad5c6e00/2;
S_0x55c2ad5e1220 .scope module, "call1" "fetch" 2 15, 3 1 0, S_0x55c2ad5e1090;
 .timescale 0 0;
    .port_info 0 /INPUT 1 "clk";
    .port_info 1 /INPUT 64 "pc";
    .port_info 2 /OUTPUT 4 "icode";
    .port_info 3 /OUTPUT 4 "ifun";
    .port_info 4 /OUTPUT 4 "rA";
    .port_info 5 /OUTPUT 4 "rB";
    .port_info 6 /OUTPUT 64 "valC";
    .port_info 7 /OUTPUT 64 "valP";
    .port_info 8 /OUTPUT 1 "imem_error";
    .port_info 9 /OUTPUT 1 "instr_valid";
    .port_info 10 /OUTPUT 1 "halt";
L_0x55c2ad60b200 .functor OR 1, v0x55c2ad60a180_0, v0x55c2ad60a240_0, C4<0>, C4<0>;
v0x55c2ad5e7da0_0 .var "Need_regis", 63 0;
v0x55c2ad609930_0 .var "Need_valC", 63 0;
v0x55c2ad609a10_0 .net "clk", 0 0, v0x55c2ad60a980_0;  1 drivers
v0x55c2ad609ab0_0 .var "halt", 0 0;
v0x55c2ad609b70_0 .var "icode", 3 0;
v0x55c2ad609ca0_0 .var "ifun", 3 0;
v0x55c2ad609d80_0 .var "imem_error", 0 0;
v0x55c2ad609e40_0 .var "instr_valid", 0 0;
v0x55c2ad609f00_0 .var "instruction_set", 0 79;
v0x55c2ad609fe0_0 .var "instruction_set_jc", 0 71;
v0x55c2ad60a0c0 .array "memory_instruction", 41 0, 7 0;
v0x55c2ad60a180_0 .var "or_check_1", 0 0;
v0x55c2ad60a240_0 .var "or_check_2", 0 0;
v0x55c2ad60a300_0 .net "or_out_check", 0 0, L_0x55c2ad60b200;  1 drivers
v0x55c2ad60a3c0_0 .net "pc", 63 0, v0x55c2ad60adf0_0;  1 drivers
v0x55c2ad60a4a0_0 .var "rA", 3 0;
v0x55c2ad60a580_0 .var "rB", 3 0;
v0x55c2ad60a660_0 .var/s "valC", 63 0;
v0x55c2ad60a740_0 .var "valP", 63 0;
E_0x55c2ad5c7280 .event posedge, v0x55c2ad609a10_0;
    .scope S_0x55c2ad5e1220;
T_0 ;
    %vpi_call 3 22 "$readmemb", "1.txt", v0x55c2ad60a0c0 {0 0 0};
    %delay 10, 0;
    %end;
    .thread T_0;
    .scope S_0x55c2ad5e1220;
T_1 ;
    %pushi/vec4 0, 0, 1;
    %store/vec4 v0x55c2ad609d80_0, 0, 1;
    %pushi/vec4 1, 0, 1;
    %store/vec4 v0x55c2ad609e40_0, 0, 1;
    %pushi/vec4 0, 0, 1;
    %store/vec4 v0x55c2ad609ab0_0, 0, 1;
    %end;
    .thread T_1;
    .scope S_0x55c2ad5e1220;
T_2 ;
    %pushi/vec4 15, 0, 4;
    %store/vec4 v0x55c2ad60a4a0_0, 0, 4;
    %pushi/vec4 15, 0, 4;
    %store/vec4 v0x55c2ad60a580_0, 0, 4;
    %pushi/vec4 0, 0, 64;
    %store/vec4 v0x55c2ad60a660_0, 0, 64;
    %end;
    .thread T_2;
    .scope S_0x55c2ad5e1220;
T_3 ;
    %wait E_0x55c2ad5c7280;
    %pushi/vec4 0, 0, 1;
    %store/vec4 v0x55c2ad609d80_0, 0, 1;
    %load/vec4 v0x55c2ad60a3c0_0;
    %cmpi/u 255, 0, 64;
    %flag_or 5, 4; GT is !LE
    %flag_inv 5;
    %jmp/0xz  T_3.0, 5;
    %pushi/vec4 1, 0, 1;
    %store/vec4 v0x55c2ad609d80_0, 0, 1;
    %jmp T_3.1;
T_3.0 ;
    %ix/getv 4, v0x55c2ad60a3c0_0;
    %load/vec4a v0x55c2ad60a0c0, 4;
    %load/vec4 v0x55c2ad60a3c0_0;
    %pad/u 65;
    %addi 1, 0, 65;
    %ix/vec4 4;
    %load/vec4a v0x55c2ad60a0c0, 4;
    %concat/vec4; draw_concat_vec4
    %load/vec4 v0x55c2ad60a3c0_0;
    %pad/u 65;
    %addi 9, 0, 65;
    %ix/vec4 4;
    %load/vec4a v0x55c2ad60a0c0, 4;
    %concat/vec4; draw_concat_vec4
    %load/vec4 v0x55c2ad60a3c0_0;
    %pad/u 65;
    %addi 8, 0, 65;
    %ix/vec4 4;
    %load/vec4a v0x55c2ad60a0c0, 4;
    %concat/vec4; draw_concat_vec4
    %load/vec4 v0x55c2ad60a3c0_0;
    %pad/u 65;
    %addi 7, 0, 65;
    %ix/vec4 4;
    %load/vec4a v0x55c2ad60a0c0, 4;
    %concat/vec4; draw_concat_vec4
    %load/vec4 v0x55c2ad60a3c0_0;
    %pad/u 65;
    %addi 6, 0, 65;
    %ix/vec4 4;
    %load/vec4a v0x55c2ad60a0c0, 4;
    %concat/vec4; draw_concat_vec4
    %load/vec4 v0x55c2ad60a3c0_0;
    %pad/u 65;
    %addi 5, 0, 65;
    %ix/vec4 4;
    %load/vec4a v0x55c2ad60a0c0, 4;
    %concat/vec4; draw_concat_vec4
    %load/vec4 v0x55c2ad60a3c0_0;
    %pad/u 65;
    %addi 4, 0, 65;
    %ix/vec4 4;
    %load/vec4a v0x55c2ad60a0c0, 4;
    %concat/vec4; draw_concat_vec4
    %load/vec4 v0x55c2ad60a3c0_0;
    %pad/u 65;
    %addi 3, 0, 65;
    %ix/vec4 4;
    %load/vec4a v0x55c2ad60a0c0, 4;
    %concat/vec4; draw_concat_vec4
    %load/vec4 v0x55c2ad60a3c0_0;
    %pad/u 65;
    %addi 2, 0, 65;
    %ix/vec4 4;
    %load/vec4a v0x55c2ad60a0c0, 4;
    %concat/vec4; draw_concat_vec4
    %store/vec4 v0x55c2ad609f00_0, 0, 80;
    %load/vec4 v0x55c2ad609f00_0;
    %parti/s 4, 76, 8;
    %store/vec4 v0x55c2ad609b70_0, 0, 4;
    %load/vec4 v0x55c2ad609f00_0;
    %parti/s 4, 72, 8;
    %store/vec4 v0x55c2ad609ca0_0, 0, 4;
    %load/vec4 v0x55c2ad609b70_0;
    %pushi/vec4 7, 0, 4;
    %cmp/e;
    %flag_get/vec4 4;
    %load/vec4 v0x55c2ad609b70_0;
    %pushi/vec4 8, 0, 4;
    %cmp/e;
    %flag_get/vec4 4;
    %or;
    %flag_set/vec4 8;
    %jmp/0xz  T_3.2, 8;
    %ix/getv 4, v0x55c2ad60a3c0_0;
    %load/vec4a v0x55c2ad60a0c0, 4;
    %load/vec4 v0x55c2ad60a3c0_0;
    %pad/u 65;
    %addi 8, 0, 65;
    %ix/vec4 4;
    %load/vec4a v0x55c2ad60a0c0, 4;
    %concat/vec4; draw_concat_vec4
    %load/vec4 v0x55c2ad60a3c0_0;
    %pad/u 65;
    %addi 7, 0, 65;
    %ix/vec4 4;
    %load/vec4a v0x55c2ad60a0c0, 4;
    %concat/vec4; draw_concat_vec4
    %load/vec4 v0x55c2ad60a3c0_0;
    %pad/u 65;
    %addi 6, 0, 65;
    %ix/vec4 4;
    %load/vec4a v0x55c2ad60a0c0, 4;
    %concat/vec4; draw_concat_vec4
    %load/vec4 v0x55c2ad60a3c0_0;
    %pad/u 65;
    %addi 5, 0, 65;
    %ix/vec4 4;
    %load/vec4a v0x55c2ad60a0c0, 4;
    %concat/vec4; draw_concat_vec4
    %load/vec4 v0x55c2ad60a3c0_0;
    %pad/u 65;
    %addi 4, 0, 65;
    %ix/vec4 4;
    %load/vec4a v0x55c2ad60a0c0, 4;
    %concat/vec4; draw_concat_vec4
    %load/vec4 v0x55c2ad60a3c0_0;
    %pad/u 65;
    %addi 3, 0, 65;
    %ix/vec4 4;
    %load/vec4a v0x55c2ad60a0c0, 4;
    %concat/vec4; draw_concat_vec4
    %load/vec4 v0x55c2ad60a3c0_0;
    %pad/u 65;
    %addi 2, 0, 65;
    %ix/vec4 4;
    %load/vec4a v0x55c2ad60a0c0, 4;
    %concat/vec4; draw_concat_vec4
    %load/vec4 v0x55c2ad60a3c0_0;
    %pad/u 65;
    %addi 1, 0, 65;
    %ix/vec4 4;
    %load/vec4a v0x55c2ad60a0c0, 4;
    %concat/vec4; draw_concat_vec4
    %store/vec4 v0x55c2ad609fe0_0, 0, 72;
    %load/vec4 v0x55c2ad609fe0_0;
    %parti/s 4, 68, 8;
    %store/vec4 v0x55c2ad609b70_0, 0, 4;
    %load/vec4 v0x55c2ad609fe0_0;
    %parti/s 4, 64, 8;
    %store/vec4 v0x55c2ad609ca0_0, 0, 4;
T_3.2 ;
    %pushi/vec4 0, 0, 64;
    %store/vec4 v0x55c2ad5e7da0_0, 0, 64;
    %pushi/vec4 0, 0, 64;
    %store/vec4 v0x55c2ad609930_0, 0, 64;
    %pushi/vec4 0, 0, 1;
    %store/vec4 v0x55c2ad609ab0_0, 0, 1;
    %pushi/vec4 0, 0, 1;
    %store/vec4 v0x55c2ad609d80_0, 0, 1;
    %load/vec4 v0x55c2ad609b70_0;
    %cmpi/u 0, 0, 4;
    %flag_get/vec4 5;
    %store/vec4 v0x55c2ad60a180_0, 0, 1;
    %pushi/vec4 11, 0, 4;
    %load/vec4 v0x55c2ad609b70_0;
    %cmp/u;
    %flag_get/vec4 5;
    %store/vec4 v0x55c2ad60a240_0, 0, 1;
    %load/vec4 v0x55c2ad60a300_0;
    %cmpi/e 1, 0, 1;
    %jmp/0xz  T_3.4, 4;
    %pushi/vec4 0, 0, 1;
    %store/vec4 v0x55c2ad609e40_0, 0, 1;
    %jmp T_3.5;
T_3.4 ;
    %load/vec4 v0x55c2ad609b70_0;
    %cmpi/e 0, 0, 4;
    %jmp/0xz  T_3.6, 4;
    %pushi/vec4 1, 0, 1;
    %store/vec4 v0x55c2ad609e40_0, 0, 1;
    %load/vec4 v0x55c2ad60a3c0_0;
    %addi 1, 0, 64;
    %load/vec4 v0x55c2ad5e7da0_0;
    %add;
    %load/vec4 v0x55c2ad609930_0;
    %muli 8, 0, 64;
    %add;
    %store/vec4 v0x55c2ad60a740_0, 0, 64;
    %pushi/vec4 1, 0, 1;
    %store/vec4 v0x55c2ad609ab0_0, 0, 1;
    %jmp T_3.7;
T_3.6 ;
    %load/vec4 v0x55c2ad609b70_0;
    %cmpi/e 1, 0, 4;
    %jmp/0xz  T_3.8, 4;
    %pushi/vec4 1, 0, 1;
    %store/vec4 v0x55c2ad609e40_0, 0, 1;
    %load/vec4 v0x55c2ad60a3c0_0;
    %addi 1, 0, 64;
    %load/vec4 v0x55c2ad5e7da0_0;
    %add;
    %load/vec4 v0x55c2ad609930_0;
    %muli 8, 0, 64;
    %add;
    %store/vec4 v0x55c2ad60a740_0, 0, 64;
    %jmp T_3.9;
T_3.8 ;
    %load/vec4 v0x55c2ad609b70_0;
    %cmpi/e 2, 0, 4;
    %jmp/0xz  T_3.10, 4;
    %pushi/vec4 1, 0, 1;
    %store/vec4 v0x55c2ad609e40_0, 0, 1;
    %pushi/vec4 1, 0, 64;
    %store/vec4 v0x55c2ad5e7da0_0, 0, 64;
    %load/vec4 v0x55c2ad609f00_0;
    %parti/s 4, 68, 8;
    %store/vec4 v0x55c2ad60a4a0_0, 0, 4;
    %load/vec4 v0x55c2ad609f00_0;
    %parti/s 4, 64, 8;
    %store/vec4 v0x55c2ad60a580_0, 0, 4;
    %load/vec4 v0x55c2ad60a3c0_0;
    %addi 1, 0, 64;
    %load/vec4 v0x55c2ad5e7da0_0;
    %add;
    %load/vec4 v0x55c2ad609930_0;
    %muli 8, 0, 64;
    %add;
    %store/vec4 v0x55c2ad60a740_0, 0, 64;
    %jmp T_3.11;
T_3.10 ;
    %load/vec4 v0x55c2ad609b70_0;
    %cmpi/e 3, 0, 4;
    %jmp/0xz  T_3.12, 4;
    %pushi/vec4 1, 0, 1;
    %store/vec4 v0x55c2ad609e40_0, 0, 1;
    %pushi/vec4 1, 0, 64;
    %store/vec4 v0x55c2ad5e7da0_0, 0, 64;
    %load/vec4 v0x55c2ad609f00_0;
    %parti/s 4, 68, 8;
    %store/vec4 v0x55c2ad60a4a0_0, 0, 4;
    %load/vec4 v0x55c2ad609f00_0;
    %parti/s 4, 64, 8;
    %store/vec4 v0x55c2ad60a580_0, 0, 4;
    %load/vec4 v0x55c2ad609f00_0;
    %parti/s 64, 0, 2;
    %store/vec4 v0x55c2ad60a660_0, 0, 64;
    %pushi/vec4 1, 0, 64;
    %store/vec4 v0x55c2ad609930_0, 0, 64;
    %load/vec4 v0x55c2ad60a3c0_0;
    %addi 1, 0, 64;
    %load/vec4 v0x55c2ad5e7da0_0;
    %add;
    %load/vec4 v0x55c2ad609930_0;
    %muli 8, 0, 64;
    %add;
    %store/vec4 v0x55c2ad60a740_0, 0, 64;
    %jmp T_3.13;
T_3.12 ;
    %load/vec4 v0x55c2ad609b70_0;
    %cmpi/e 4, 0, 4;
    %jmp/0xz  T_3.14, 4;
    %pushi/vec4 1, 0, 1;
    %store/vec4 v0x55c2ad609e40_0, 0, 1;
    %pushi/vec4 1, 0, 64;
    %store/vec4 v0x55c2ad5e7da0_0, 0, 64;
    %load/vec4 v0x55c2ad609f00_0;
    %parti/s 4, 68, 8;
    %store/vec4 v0x55c2ad60a4a0_0, 0, 4;
    %load/vec4 v0x55c2ad609f00_0;
    %parti/s 4, 64, 8;
    %store/vec4 v0x55c2ad60a580_0, 0, 4;
    %load/vec4 v0x55c2ad609f00_0;
    %parti/s 64, 0, 2;
    %store/vec4 v0x55c2ad60a660_0, 0, 64;
    %pushi/vec4 1, 0, 64;
    %store/vec4 v0x55c2ad609930_0, 0, 64;
    %load/vec4 v0x55c2ad60a3c0_0;
    %addi 1, 0, 64;
    %load/vec4 v0x55c2ad5e7da0_0;
    %add;
    %load/vec4 v0x55c2ad609930_0;
    %muli 8, 0, 64;
    %add;
    %store/vec4 v0x55c2ad60a740_0, 0, 64;
    %jmp T_3.15;
T_3.14 ;
    %load/vec4 v0x55c2ad609b70_0;
    %cmpi/e 5, 0, 4;
    %jmp/0xz  T_3.16, 4;
    %pushi/vec4 1, 0, 1;
    %store/vec4 v0x55c2ad609e40_0, 0, 1;
    %pushi/vec4 1, 0, 64;
    %store/vec4 v0x55c2ad5e7da0_0, 0, 64;
    %load/vec4 v0x55c2ad609f00_0;
    %parti/s 4, 68, 8;
    %store/vec4 v0x55c2ad60a4a0_0, 0, 4;
    %load/vec4 v0x55c2ad609f00_0;
    %parti/s 4, 64, 8;
    %store/vec4 v0x55c2ad60a580_0, 0, 4;
    %load/vec4 v0x55c2ad609f00_0;
    %parti/s 64, 0, 2;
    %store/vec4 v0x55c2ad60a660_0, 0, 64;
    %pushi/vec4 1, 0, 64;
    %store/vec4 v0x55c2ad609930_0, 0, 64;
    %load/vec4 v0x55c2ad60a3c0_0;
    %addi 1, 0, 64;
    %load/vec4 v0x55c2ad5e7da0_0;
    %add;
    %load/vec4 v0x55c2ad609930_0;
    %muli 8, 0, 64;
    %add;
    %store/vec4 v0x55c2ad60a740_0, 0, 64;
    %jmp T_3.17;
T_3.16 ;
    %load/vec4 v0x55c2ad609b70_0;
    %cmpi/e 6, 0, 4;
    %jmp/0xz  T_3.18, 4;
    %pushi/vec4 1, 0, 1;
    %store/vec4 v0x55c2ad609e40_0, 0, 1;
    %pushi/vec4 1, 0, 64;
    %store/vec4 v0x55c2ad5e7da0_0, 0, 64;
    %load/vec4 v0x55c2ad609f00_0;
    %parti/s 4, 68, 8;
    %store/vec4 v0x55c2ad60a4a0_0, 0, 4;
    %load/vec4 v0x55c2ad609f00_0;
    %parti/s 4, 64, 8;
    %store/vec4 v0x55c2ad60a580_0, 0, 4;
    %load/vec4 v0x55c2ad60a3c0_0;
    %addi 1, 0, 64;
    %load/vec4 v0x55c2ad5e7da0_0;
    %add;
    %load/vec4 v0x55c2ad609930_0;
    %muli 8, 0, 64;
    %add;
    %store/vec4 v0x55c2ad60a740_0, 0, 64;
    %jmp T_3.19;
T_3.18 ;
    %load/vec4 v0x55c2ad609b70_0;
    %cmpi/e 7, 0, 4;
    %jmp/0xz  T_3.20, 4;
    %pushi/vec4 1, 0, 1;
    %store/vec4 v0x55c2ad609e40_0, 0, 1;
    %load/vec4 v0x55c2ad609fe0_0;
    %parti/s 64, 0, 2;
    %store/vec4 v0x55c2ad60a660_0, 0, 64;
    %pushi/vec4 1, 0, 64;
    %store/vec4 v0x55c2ad609930_0, 0, 64;
    %load/vec4 v0x55c2ad60a3c0_0;
    %addi 1, 0, 64;
    %load/vec4 v0x55c2ad5e7da0_0;
    %add;
    %load/vec4 v0x55c2ad609930_0;
    %muli 8, 0, 64;
    %add;
    %store/vec4 v0x55c2ad60a740_0, 0, 64;
    %jmp T_3.21;
T_3.20 ;
    %load/vec4 v0x55c2ad609b70_0;
    %cmpi/e 8, 0, 4;
    %jmp/0xz  T_3.22, 4;
    %pushi/vec4 1, 0, 1;
    %store/vec4 v0x55c2ad609e40_0, 0, 1;
    %load/vec4 v0x55c2ad609fe0_0;
    %parti/s 64, 0, 2;
    %store/vec4 v0x55c2ad60a660_0, 0, 64;
    %pushi/vec4 1, 0, 64;
    %store/vec4 v0x55c2ad609930_0, 0, 64;
    %load/vec4 v0x55c2ad60a3c0_0;
    %addi 1, 0, 64;
    %load/vec4 v0x55c2ad5e7da0_0;
    %add;
    %load/vec4 v0x55c2ad609930_0;
    %muli 8, 0, 64;
    %add;
    %store/vec4 v0x55c2ad60a740_0, 0, 64;
    %jmp T_3.23;
T_3.22 ;
    %load/vec4 v0x55c2ad609b70_0;
    %cmpi/e 9, 0, 4;
    %jmp/0xz  T_3.24, 4;
    %pushi/vec4 1, 0, 1;
    %store/vec4 v0x55c2ad609e40_0, 0, 1;
    %load/vec4 v0x55c2ad60a3c0_0;
    %addi 1, 0, 64;
    %load/vec4 v0x55c2ad5e7da0_0;
    %add;
    %load/vec4 v0x55c2ad609930_0;
    %muli 8, 0, 64;
    %add;
    %store/vec4 v0x55c2ad60a740_0, 0, 64;
    %jmp T_3.25;
T_3.24 ;
    %load/vec4 v0x55c2ad609b70_0;
    %cmpi/e 10, 0, 4;
    %jmp/0xz  T_3.26, 4;
    %pushi/vec4 1, 0, 1;
    %store/vec4 v0x55c2ad609e40_0, 0, 1;
    %pushi/vec4 1, 0, 64;
    %store/vec4 v0x55c2ad5e7da0_0, 0, 64;
    %load/vec4 v0x55c2ad609f00_0;
    %parti/s 4, 68, 8;
    %store/vec4 v0x55c2ad60a4a0_0, 0, 4;
    %load/vec4 v0x55c2ad609f00_0;
    %parti/s 4, 64, 8;
    %store/vec4 v0x55c2ad60a580_0, 0, 4;
    %load/vec4 v0x55c2ad60a3c0_0;
    %addi 1, 0, 64;
    %load/vec4 v0x55c2ad5e7da0_0;
    %add;
    %load/vec4 v0x55c2ad609930_0;
    %muli 8, 0, 64;
    %add;
    %store/vec4 v0x55c2ad60a740_0, 0, 64;
    %jmp T_3.27;
T_3.26 ;
    %load/vec4 v0x55c2ad609b70_0;
    %cmpi/e 11, 0, 4;
    %jmp/0xz  T_3.28, 4;
    %pushi/vec4 1, 0, 1;
    %store/vec4 v0x55c2ad609e40_0, 0, 1;
    %pushi/vec4 1, 0, 64;
    %store/vec4 v0x55c2ad5e7da0_0, 0, 64;
    %load/vec4 v0x55c2ad609f00_0;
    %parti/s 4, 68, 8;
    %store/vec4 v0x55c2ad60a4a0_0, 0, 4;
    %load/vec4 v0x55c2ad609f00_0;
    %parti/s 4, 64, 8;
    %store/vec4 v0x55c2ad60a580_0, 0, 4;
    %load/vec4 v0x55c2ad60a3c0_0;
    %addi 1, 0, 64;
    %load/vec4 v0x55c2ad5e7da0_0;
    %add;
    %load/vec4 v0x55c2ad609930_0;
    %muli 8, 0, 64;
    %add;
    %store/vec4 v0x55c2ad60a740_0, 0, 64;
    %jmp T_3.29;
T_3.28 ;
    %pushi/vec4 0, 0, 1;
    %store/vec4 v0x55c2ad609e40_0, 0, 1;
T_3.29 ;
T_3.27 ;
T_3.25 ;
T_3.23 ;
T_3.21 ;
T_3.19 ;
T_3.17 ;
T_3.15 ;
T_3.13 ;
T_3.11 ;
T_3.9 ;
T_3.7 ;
T_3.5 ;
T_3.1 ;
    %jmp T_3;
    .thread T_3;
    .scope S_0x55c2ad5e1090;
T_4 ;
    %delay 10, 0;
    %load/vec4 v0x55c2ad60a980_0;
    %inv;
    %store/vec4 v0x55c2ad60a980_0, 0, 1;
    %jmp T_4;
    .thread T_4;
    .scope S_0x55c2ad5e1090;
T_5 ;
    %pushi/vec4 0, 0, 1;
    %store/vec4 v0x55c2ad60a980_0, 0, 1;
    %delay 20, 0;
    %pushi/vec4 0, 0, 64;
    %store/vec4 v0x55c2ad60adf0_0, 0, 64;
    %delay 20, 0;
    %load/vec4 v0x55c2ad60b130_0;
    %store/vec4 v0x55c2ad60adf0_0, 0, 64;
    %delay 20, 0;
    %load/vec4 v0x55c2ad60b130_0;
    %store/vec4 v0x55c2ad60adf0_0, 0, 64;
    %delay 20, 0;
    %load/vec4 v0x55c2ad60b130_0;
    %store/vec4 v0x55c2ad60adf0_0, 0, 64;
    %delay 20, 0;
    %load/vec4 v0x55c2ad60b130_0;
    %store/vec4 v0x55c2ad60adf0_0, 0, 64;
    %delay 20, 0;
    %load/vec4 v0x55c2ad60b130_0;
    %store/vec4 v0x55c2ad60adf0_0, 0, 64;
    %delay 20, 0;
    %vpi_call 2 50 "$finish" {0 0 0};
    %end;
    .thread T_5;
    .scope S_0x55c2ad5e1090;
T_6 ;
    %wait E_0x55c2ad5c6e00;
    %load/vec4 v0x55c2ad60a980_0;
    %pad/u 32;
    %cmpi/e 1, 0, 32;
    %jmp/0xz  T_6.0, 4;
    %vpi_call 2 57 "$monitor", "clk= %d time = %d: pc = %d icode =%d ifun = %d rA = %d rB = %d valC = %d valP = %d imem_error = %d instr_valid = %d halt = %d", v0x55c2ad60a980_0, $time, v0x55c2ad60adf0_0, v0x55c2ad60aae0_0, v0x55c2ad60abb0_0, v0x55c2ad60aec0_0, v0x55c2ad60af90_0, v0x55c2ad60b060_0, v0x55c2ad60b130_0, v0x55c2ad60ac80_0, v0x55c2ad60ad20_0, v0x55c2ad60aa40_0 {0 0 0};
T_6.0 ;
    %jmp T_6;
    .thread T_6, $push;
# The file index is used to find the file name in the following table.
:file_names 4;
    "N/A";
    "<interactive>";
    "fetch_tb.v";
    "./fetch.v";
